This is pdfTeX, Version 3.141592653-2.6-1.40.25 (TeX Live 2023) (preloaded format=pdflatex 2024.1.8)  5 MAR 2024 12:05
entering extended mode
 restricted \write18 enabled.
 file:line:error style messages enabled.
 %&-line parsing enabled.
**c:/Users/User/Desktop/Document/UWE/FYP/sentirhy/sentirhy/rep/Main
(c:/Users/User/Desktop/Document/UWE/FYP/sentirhy/sentirhy/rep/Main.tex
LaTeX2e <2023-11-01>
L3 programming layer <2024-01-04>
(d:/texlive/2023/texmf-dist/tex/latex/base/report.cls
Document Class: report 2023/05/17 v1.4n Standard LaTeX document class
(d:/texlive/2023/texmf-dist/tex/latex/base/size12.clo
File: size12.clo 2023/05/17 v1.4n Standard LaTeX file (size option)
)
\c@part=\count187
\c@chapter=\count188
\c@section=\count189
\c@subsection=\count190
\c@subsubsection=\count191
\c@paragraph=\count192
\c@subparagraph=\count193
\c@figure=\count194
\c@table=\count195
\abovecaptionskip=\skip48
\belowcaptionskip=\skip49
\bibindent=\dimen140
) (./_Packages.tex (d:/texlive/2023/texmf-dist/tex/latex/float/float.sty
Package: float 2001/11/08 v1.3d Float enhancements (AL)
\c@float@type=\count196
\float@exts=\toks17
\float@box=\box51
\@float@everytoks=\toks18
\@floatcapt=\box52
) (d:/texlive/2023/texmf-dist/tex/latex/natbib/natbib.sty
Package: natbib 2010/09/13 8.31b (PWD, AO)
\bibhang=\skip50
\bibsep=\skip51
LaTeX Info: Redefining \cite on input line 694.
\c@NAT@ctr=\count197
) (d:/texlive/2023/texmf-dist/tex/latex/graphics/color.sty
Package: color 2022/01/06 v1.3d Standard LaTeX Color (DPC)
 (d:/texlive/2023/texmf-dist/tex/latex/graphics-cfg/color.cfg
File: color.cfg 2016/01/02 v1.6 sample color configuration
)
Package color Info: Driver file: pdftex.def on input line 149.
 (d:/texlive/2023/texmf-dist/tex/latex/graphics-def/pdftex.def
File: pdftex.def 2022/09/22 v1.2b Graphics/color driver for pdftex
) (d:/texlive/2023/texmf-dist/tex/latex/graphics/mathcolor.ltx)) (d:/texlive/2023/texmf-dist/tex/latex/amsmath/amsmath.sty
Package: amsmath 2023/05/13 v2.17o AMS math features
\@mathmargin=\skip52

For additional information on amsmath, use the `?' option.
(d:/texlive/2023/texmf-dist/tex/latex/amsmath/amstext.sty
Package: amstext 2021/08/26 v2.01 AMS text
 (d:/texlive/2023/texmf-dist/tex/latex/amsmath/amsgen.sty
File: amsgen.sty 1999/11/30 v2.0 generic functions
\@emptytoks=\toks19
\ex@=\dimen141
)) (d:/texlive/2023/texmf-dist/tex/latex/amsmath/amsbsy.sty
Package: amsbsy 1999/11/29 v1.2d Bold Symbols
\pmbraise@=\dimen142
) (d:/texlive/2023/texmf-dist/tex/latex/amsmath/amsopn.sty
Package: amsopn 2022/04/08 v2.04 operator names
)
\inf@bad=\count198
LaTeX Info: Redefining \frac on input line 234.
\uproot@=\count199
\leftroot@=\count266
LaTeX Info: Redefining \overline on input line 399.
LaTeX Info: Redefining \colon on input line 410.
\classnum@=\count267
\DOTSCASE@=\count268
LaTeX Info: Redefining \ldots on input line 496.
LaTeX Info: Redefining \dots on input line 499.
LaTeX Info: Redefining \cdots on input line 620.
\Mathstrutbox@=\box53
\strutbox@=\box54
LaTeX Info: Redefining \big on input line 722.
LaTeX Info: Redefining \Big on input line 723.
LaTeX Info: Redefining \bigg on input line 724.
LaTeX Info: Redefining \Bigg on input line 725.
\big@size=\dimen143
LaTeX Font Info:    Redeclaring font encoding OML on input line 743.
LaTeX Font Info:    Redeclaring font encoding OMS on input line 744.
\macc@depth=\count269
LaTeX Info: Redefining \bmod on input line 905.
LaTeX Info: Redefining \pmod on input line 910.
LaTeX Info: Redefining \smash on input line 940.
LaTeX Info: Redefining \relbar on input line 970.
LaTeX Info: Redefining \Relbar on input line 971.
\c@MaxMatrixCols=\count270
\dotsspace@=\muskip16
\c@parentequation=\count271
\dspbrk@lvl=\count272
\tag@help=\toks20
\row@=\count273
\column@=\count274
\maxfields@=\count275
\andhelp@=\toks21
\eqnshift@=\dimen144
\alignsep@=\dimen145
\tagshift@=\dimen146
\tagwidth@=\dimen147
\totwidth@=\dimen148
\lineht@=\dimen149
\@envbody=\toks22
\multlinegap=\skip53
\multlinetaggap=\skip54
\mathdisplay@stack=\toks23
LaTeX Info: Redefining \[ on input line 2953.
LaTeX Info: Redefining \] on input line 2954.
) (d:/texlive/2023/texmf-dist/tex/latex/caption/caption.sty
Package: caption 2023/08/05 v3.6o Customizing captions (AR)
 (d:/texlive/2023/texmf-dist/tex/latex/caption/caption3.sty
Package: caption3 2023/07/31 v2.4d caption3 kernel (AR)
 (d:/texlive/2023/texmf-dist/tex/latex/graphics/keyval.sty
Package: keyval 2022/05/29 v1.15 key=value parser (DPC)
\KV@toks@=\toks24
)
\caption@tempdima=\dimen150
\captionmargin=\dimen151
\caption@leftmargin=\dimen152
\caption@rightmargin=\dimen153
\caption@width=\dimen154
\caption@indent=\dimen155
\caption@parindent=\dimen156
\caption@hangindent=\dimen157
Package caption Info: Standard document class detected.
)
\c@caption@flags=\count276
\c@continuedfloat=\count277
Package caption Info: float package is loaded.
) (d:/texlive/2023/texmf-dist/tex/latex/caption/subcaption.sty
Package: subcaption 2023/07/28 v1.6b Sub-captions (AR)
Package caption Info: New subtype `subfigure' on input line 238.
\c@subfigure=\count278
Package caption Info: New subtype `subtable' on input line 238.
\c@subtable=\count279
) (d:/texlive/2023/texmf-dist/tex/latex/graphics/graphicx.sty
Package: graphicx 2021/09/16 v1.2d Enhanced LaTeX Graphics (DPC,SPQR)
 (d:/texlive/2023/texmf-dist/tex/latex/graphics/graphics.sty
Package: graphics 2022/03/10 v1.4e Standard LaTeX Graphics (DPC,SPQR)
 (d:/texlive/2023/texmf-dist/tex/latex/graphics/trig.sty
Package: trig 2021/08/11 v1.11 sin cos tan (DPC)
) (d:/texlive/2023/texmf-dist/tex/latex/graphics-cfg/graphics.cfg
File: graphics.cfg 2016/06/04 v1.11 sample graphics configuration
)
Package graphics Info: Driver file: pdftex.def on input line 107.
)
\Gin@req@height=\dimen158
\Gin@req@width=\dimen159
) (d:/texlive/2023/texmf-dist/tex/latex/tools/longtable.sty
Package: longtable 2023-11-01 v4.19 Multi-page Table package (DPC)
\LTleft=\skip55
\LTright=\skip56
\LTpre=\skip57
\LTpost=\skip58
\LTchunksize=\count280
\LTcapwidth=\dimen160
\LT@head=\box55
\LT@firsthead=\box56
\LT@foot=\box57
\LT@lastfoot=\box58
\LT@gbox=\box59
\LT@cols=\count281
\LT@rows=\count282
\c@LT@tables=\count283
\c@LT@chunks=\count284
\LT@p@ftn=\toks25
) (d:/texlive/2023/texmf-dist/tex/latex/geometry/geometry.sty
Package: geometry 2020/01/02 v5.9 Page Geometry
 (d:/texlive/2023/texmf-dist/tex/generic/iftex/ifvtex.sty
Package: ifvtex 2019/10/25 v1.7 ifvtex legacy package. Use iftex instead.
 (d:/texlive/2023/texmf-dist/tex/generic/iftex/iftex.sty
Package: iftex 2022/02/03 v1.0f TeX engine tests
))
\Gm@cnth=\count285
\Gm@cntv=\count286
\c@Gm@tempcnt=\count287
\Gm@bindingoffset=\dimen161
\Gm@wd@mp=\dimen162
\Gm@odd@mp=\dimen163
\Gm@even@mp=\dimen164
\Gm@layoutwidth=\dimen165
\Gm@layoutheight=\dimen166
\Gm@layouthoffset=\dimen167
\Gm@layoutvoffset=\dimen168
\Gm@dimlist=\toks26
) (d:/texlive/2023/texmf-dist/tex/latex/arimo/arimo.sty
Package: arimo 2022/09/28 (Bob Tennent) Supports Arimo fonts for all LaTeX engines.
 (d:/texlive/2023/texmf-dist/tex/generic/iftex/ifxetex.sty
Package: ifxetex 2019/10/25 v0.7 ifxetex legacy package. Use iftex instead.
) (d:/texlive/2023/texmf-dist/tex/generic/iftex/ifluatex.sty
Package: ifluatex 2019/10/25 v1.5 ifluatex legacy package. Use iftex instead.
) (d:/texlive/2023/texmf-dist/tex/latex/xkeyval/xkeyval.sty
Package: xkeyval 2022/06/16 v2.9 package option processing (HA)
 (d:/texlive/2023/texmf-dist/tex/generic/xkeyval/xkeyval.tex (d:/texlive/2023/texmf-dist/tex/generic/xkeyval/xkvutils.tex
\XKV@toks=\toks27
\XKV@tempa@toks=\toks28
)
\XKV@depth=\count288
File: xkeyval.tex 2014/12/03 v2.7a key=value parser (HA)
)) (d:/texlive/2023/texmf-dist/tex/latex/base/textcomp.sty
Package: textcomp 2020/02/02 v2.0n Standard LaTeX package
) (d:/texlive/2023/texmf-dist/tex/latex/base/fontenc.sty
Package: fontenc 2021/04/29 v2.0v Standard LaTeX package
) (d:/texlive/2023/texmf-dist/tex/latex/fontaxes/fontaxes.sty
Package: fontaxes 2020/07/21 v1.0e Font selection axes
LaTeX Info: Redefining \upshape on input line 29.
LaTeX Info: Redefining \itshape on input line 31.
LaTeX Info: Redefining \slshape on input line 33.
LaTeX Info: Redefining \swshape on input line 35.
LaTeX Info: Redefining \scshape on input line 37.
LaTeX Info: Redefining \sscshape on input line 39.
LaTeX Info: Redefining \ulcshape on input line 41.
LaTeX Info: Redefining \textsw on input line 47.
LaTeX Info: Redefining \textssc on input line 48.
LaTeX Info: Redefining \textulc on input line 49.
)) (d:/texlive/2023/texmf-dist/tex/latex/base/fontenc.sty
Package: fontenc 2021/04/29 v2.0v Standard LaTeX package
LaTeX Font Info:    Trying to load font information for T1+Arimo-TLF on input line 112.
 (d:/texlive/2023/texmf-dist/tex/latex/arimo/T1Arimo-TLF.fd
File: T1Arimo-TLF.fd 2017/01/04 (autoinst) Font definitions for T1/Arimo-TLF.
)
LaTeX Font Info:    Font shape `T1/Arimo-TLF/m/n' will be
(Font)              scaled to size 12.0pt on input line 112.
) (d:/texlive/2023/texmf-dist/tex/latex/base/inputenc.sty
Package: inputenc 2021/02/14 v1.3d Input encoding file
\inpenc@prehook=\toks29
\inpenc@posthook=\toks30
) (d:/texlive/2023/texmf-dist/tex/latex/emptypage/emptypage.sty
Package: emptypage 2010/05/30 v1.2 Suppress page numbers and headings on empty pages
) (d:/texlive/2023/texmf-dist/tex/latex/import/import.sty
Package: import 2020/04/01  v 6.2
) (d:/texlive/2023/texmf-dist/tex/latex/tocloft/tocloft.sty
Package: tocloft 2017/08/31 v2.3i parameterised ToC, etc., typesetting
Package tocloft Info: The document has chapter divisions on input line 51.
\cftparskip=\skip59
\cftbeforetoctitleskip=\skip60
\cftaftertoctitleskip=\skip61
\cftbeforepartskip=\skip62
\cftpartnumwidth=\skip63
\cftpartindent=\skip64
\cftbeforechapskip=\skip65
\cftchapindent=\skip66
\cftchapnumwidth=\skip67
\cftbeforesecskip=\skip68
\cftsecindent=\skip69
\cftsecnumwidth=\skip70
\cftbeforesubsecskip=\skip71
\cftsubsecindent=\skip72
\cftsubsecnumwidth=\skip73
\cftbeforesubsubsecskip=\skip74
\cftsubsubsecindent=\skip75
\cftsubsubsecnumwidth=\skip76
\cftbeforeparaskip=\skip77
\cftparaindent=\skip78
\cftparanumwidth=\skip79
\cftbeforesubparaskip=\skip80
\cftsubparaindent=\skip81
\cftsubparanumwidth=\skip82
\cftbeforeloftitleskip=\skip83
\cftafterloftitleskip=\skip84
\cftbeforefigskip=\skip85
\cftfigindent=\skip86
\cftfignumwidth=\skip87
\c@lofdepth=\count289
\c@lotdepth=\count290
\cftbeforelottitleskip=\skip88
\cftafterlottitleskip=\skip89
\cftbeforetabskip=\skip90
\cfttabindent=\skip91
\cfttabnumwidth=\skip92
) (d:/texlive/2023/texmf-dist/tex/latex/setspace/setspace.sty
Package: setspace 2022/12/04 v6.7b set line spacing
) (d:/texlive/2023/texmf-dist/tex/latex/titlesec/titlesec.sty
Package: titlesec 2023/10/27 v2.16 Sectioning titles
\ttl@box=\box60
\beforetitleunit=\skip93
\aftertitleunit=\skip94
\ttl@plus=\dimen169
\ttl@minus=\dimen170
\ttl@toksa=\toks31
\titlewidth=\dimen171
\titlewidthlast=\dimen172
\titlewidthfirst=\dimen173
) (d:/texlive/2023/texmf-dist/tex/latex/titlesec/titletoc.sty
Package: titletoc 2023/10/27 v2.16 TOC entries
\ttl@leftsep=\dimen174
) (d:/texlive/2023/texmf-dist/tex/latex/etoolbox/etoolbox.sty
Package: etoolbox 2020/10/05 v2.5k e-TeX tools for LaTeX (JAW)
\etb@tempcnta=\count291
) (d:/texlive/2023/texmf-dist/tex/latex/fancyhdr/fancyhdr.sty
Package: fancyhdr 2022/11/09 v4.1 Extensive control of page headers and footers
\f@nch@headwidth=\skip95
\f@nch@O@elh=\skip96
\f@nch@O@erh=\skip97
\f@nch@O@olh=\skip98
\f@nch@O@orh=\skip99
\f@nch@O@elf=\skip100
\f@nch@O@erf=\skip101
\f@nch@O@olf=\skip102
\f@nch@O@orf=\skip103
) (d:/texlive/2023/texmf-dist/tex/latex/microtype/microtype.sty
Package: microtype 2023/03/13 v3.1a Micro-typographical refinements (RS)
\MT@toks=\toks32
\MT@tempbox=\box61
\MT@count=\count292
LaTeX Info: Redefining \noprotrusionifhmode on input line 1059.
LaTeX Info: Redefining \leftprotrusion on input line 1060.
\MT@prot@toks=\toks33
LaTeX Info: Redefining \rightprotrusion on input line 1078.
LaTeX Info: Redefining \textls on input line 1368.
\MT@outer@kern=\dimen175
LaTeX Info: Redefining \textmicrotypecontext on input line 1988.
\MT@listname@count=\count293
 (d:/texlive/2023/texmf-dist/tex/latex/microtype/microtype-pdftex.def
File: microtype-pdftex.def 2023/03/13 v3.1a Definitions specific to pdftex (RS)
LaTeX Info: Redefining \lsstyle on input line 902.
LaTeX Info: Redefining \lslig on input line 902.
\MT@outer@space=\skip104
)
Package microtype Info: Loading configuration file microtype.cfg.
 (d:/texlive/2023/texmf-dist/tex/latex/microtype/microtype.cfg
File: microtype.cfg 2023/03/13 v3.1a microtype main configuration file (RS)
)) (d:/texlive/2023/texmf-dist/tex/latex/hyperref/hyperref.sty
Package: hyperref 2023-11-26 v7.01g Hypertext links for LaTeX
 (d:/texlive/2023/texmf-dist/tex/generic/infwarerr/infwarerr.sty
Package: infwarerr 2019/12/03 v1.5 Providing info/warning/error messages (HO)
) (d:/texlive/2023/texmf-dist/tex/latex/kvsetkeys/kvsetkeys.sty
Package: kvsetkeys 2022-10-05 v1.19 Key value parser (HO)
) (d:/texlive/2023/texmf-dist/tex/generic/kvdefinekeys/kvdefinekeys.sty
Package: kvdefinekeys 2019-12-19 v1.6 Define keys (HO)
) (d:/texlive/2023/texmf-dist/tex/generic/pdfescape/pdfescape.sty
Package: pdfescape 2019/12/09 v1.15 Implements pdfTeX's escape features (HO)
 (d:/texlive/2023/texmf-dist/tex/generic/ltxcmds/ltxcmds.sty
Package: ltxcmds 2023-12-04 v1.26 LaTeX kernel commands for general use (HO)
) (d:/texlive/2023/texmf-dist/tex/generic/pdftexcmds/pdftexcmds.sty
Package: pdftexcmds 2020-06-27 v0.33 Utility functions of pdfTeX for LuaTeX (HO)
Package pdftexcmds Info: \pdf@primitive is available.
Package pdftexcmds Info: \pdf@ifprimitive is available.
Package pdftexcmds Info: \pdfdraftmode found.
)) (d:/texlive/2023/texmf-dist/tex/latex/hycolor/hycolor.sty
Package: hycolor 2020-01-27 v1.10 Color options for hyperref/bookmark (HO)
) (d:/texlive/2023/texmf-dist/tex/latex/letltxmacro/letltxmacro.sty
Package: letltxmacro 2019/12/03 v1.6 Let assignment for LaTeX macros (HO)
) (d:/texlive/2023/texmf-dist/tex/latex/auxhook/auxhook.sty
Package: auxhook 2019-12-17 v1.6 Hooks for auxiliary files (HO)
) (d:/texlive/2023/texmf-dist/tex/latex/hyperref/nameref.sty
Package: nameref 2023-11-26 v2.56 Cross-referencing by name of section
 (d:/texlive/2023/texmf-dist/tex/latex/refcount/refcount.sty
Package: refcount 2019/12/15 v3.6 Data extraction from label references (HO)
) (d:/texlive/2023/texmf-dist/tex/generic/gettitlestring/gettitlestring.sty
Package: gettitlestring 2019/12/15 v1.6 Cleanup title references (HO)
 (d:/texlive/2023/texmf-dist/tex/latex/kvoptions/kvoptions.sty
Package: kvoptions 2022-06-15 v3.15 Key value format for package options (HO)
))
\c@section@level=\count294
)
\@linkdim=\dimen176
\Hy@linkcounter=\count295
\Hy@pagecounter=\count296
 (d:/texlive/2023/texmf-dist/tex/latex/hyperref/pd1enc.def
File: pd1enc.def 2023-11-26 v7.01g Hyperref: PDFDocEncoding definition (HO)
Now handling font encoding PD1 ...
... no UTF-8 mapping file for font encoding PD1
) (d:/texlive/2023/texmf-dist/tex/generic/intcalc/intcalc.sty
Package: intcalc 2019/12/15 v1.3 Expandable calculations with integers (HO)
)
\Hy@SavedSpaceFactor=\count297
 (d:/texlive/2023/texmf-dist/tex/latex/hyperref/puenc.def
File: puenc.def 2023-11-26 v7.01g Hyperref: PDF Unicode definition (HO)
Now handling font encoding PU ...
... no UTF-8 mapping file for font encoding PU
)
Package hyperref Info: Option `colorlinks' set `true' on input line 4064.
Package hyperref Info: Hyper figures OFF on input line 4181.
Package hyperref Info: Link nesting OFF on input line 4186.
Package hyperref Info: Hyper index ON on input line 4189.
Package hyperref Info: Plain pages OFF on input line 4196.
Package hyperref Info: Backreferencing OFF on input line 4201.
Package hyperref Info: Implicit mode ON; LaTeX internals redefined.
Package hyperref Info: Bookmarks ON on input line 4448.
\c@Hy@tempcnt=\count298
 (d:/texlive/2023/texmf-dist/tex/latex/url/url.sty
\Urlmuskip=\muskip17
Package: url 2013/09/16  ver 3.4  Verb mode for urls, etc.
)
LaTeX Info: Redefining \url on input line 4786.
\XeTeXLinkMargin=\dimen177
 (d:/texlive/2023/texmf-dist/tex/generic/bitset/bitset.sty
Package: bitset 2019/12/09 v1.3 Handle bit-vector datatype (HO)
 (d:/texlive/2023/texmf-dist/tex/generic/bigintcalc/bigintcalc.sty
Package: bigintcalc 2019/12/15 v1.5 Expandable calculations on big integers (HO)
))
\Fld@menulength=\count299
\Field@Width=\dimen178
\Fld@charsize=\dimen179
Package hyperref Info: Hyper figures OFF on input line 6065.
Package hyperref Info: Link nesting OFF on input line 6070.
Package hyperref Info: Hyper index ON on input line 6073.
Package hyperref Info: backreferencing OFF on input line 6080.
Package hyperref Info: Link coloring ON on input line 6083.
Package hyperref Info: Link coloring with OCG OFF on input line 6090.
Package hyperref Info: PDF/A mode OFF on input line 6095.
 (d:/texlive/2023/texmf-dist/tex/latex/base/atbegshi-ltx.sty
Package: atbegshi-ltx 2021/01/10 v1.0c Emulation of the original atbegshi
package with kernel methods
)
\Hy@abspage=\count300
\c@Item=\count301
\c@Hfootnote=\count302
)
Package hyperref Info: Driver (autodetected): hpdftex.
 (d:/texlive/2023/texmf-dist/tex/latex/hyperref/hpdftex.def
File: hpdftex.def 2023-11-26 v7.01g Hyperref driver for pdfTeX
 (d:/texlive/2023/texmf-dist/tex/latex/base/atveryend-ltx.sty
Package: atveryend-ltx 2020/08/19 v1.0a Emulation of the original atveryend package
with kernel methods
)
\Fld@listcount=\count303
\c@bookmark@seq@number=\count304
 (d:/texlive/2023/texmf-dist/tex/latex/rerunfilecheck/rerunfilecheck.sty
Package: rerunfilecheck 2022-07-10 v1.10 Rerun checks for auxiliary files (HO)
 (d:/texlive/2023/texmf-dist/tex/generic/uniquecounter/uniquecounter.sty
Package: uniquecounter 2019/12/15 v1.4 Provide unlimited unique counter (HO)
)
Package uniquecounter Info: New unique counter `rerunfilecheck' on input line 285.
)
\Hy@SectionHShift=\skip105
) (d:/texlive/2023/texmf-dist/tex/latex/bookmark/bookmark.sty
Package: bookmark 2023-12-10 v1.31 PDF bookmarks (HO)
 (d:/texlive/2023/texmf-dist/tex/latex/bookmark/bkm-pdftex.def
File: bkm-pdftex.def 2023-12-10 v1.31 bookmark driver for pdfTeX and luaTeX (HO)
\BKM@id=\count305
)) (d:/texlive/2023/texmf-dist/tex/latex/xcolor/xcolor.sty
Package: xcolor 2023/11/15 v3.01 LaTeX color extensions (UK)
 (d:/texlive/2023/texmf-dist/tex/latex/graphics-cfg/color.cfg
File: color.cfg 2016/01/02 v1.6 sample color configuration
)
Package xcolor Info: Driver file: pdftex.def on input line 274.
LaTeX Info: Redefining \color on input line 758.
 (d:/texlive/2023/texmf-dist/tex/latex/graphics/mathcolor.ltx)
Package xcolor Info: Model `cmy' substituted by `cmy0' on input line 1350.
Package xcolor Info: Model `hsb' substituted by `rgb' on input line 1354.
Package xcolor Info: Model `RGB' extended on input line 1366.
Package xcolor Info: Model `HTML' substituted by `rgb' on input line 1368.
Package xcolor Info: Model `Hsb' substituted by `hsb' on input line 1369.
Package xcolor Info: Model `tHsb' substituted by `hsb' on input line 1370.
Package xcolor Info: Model `HSB' substituted by `hsb' on input line 1371.
Package xcolor Info: Model `Gray' substituted by `gray' on input line 1372.
Package xcolor Info: Model `wave' substituted by `hsb' on input line 1373.
) (d:/texlive/2023/texmf-dist/tex/latex/colortbl/colortbl.sty
Package: colortbl 2022/06/20 v1.0f Color table columns (DPC)
 (d:/texlive/2023/texmf-dist/tex/latex/tools/array.sty
Package: array 2023/10/16 v2.5g Tabular extension package (FMi)
\col@sep=\dimen180
\ar@mcellbox=\box62
\extrarowheight=\dimen181
\NC@list=\toks34
\extratabsurround=\skip106
\backup@length=\skip107
\ar@cellbox=\box63
)
\everycr=\toks35
\minrowclearance=\skip108
\rownum=\count306
) (d:/texlive/2023/texmf-dist/tex/latex/gensymb/gensymb.sty
Package: gensymb 2022/10/17 v1.0.2 (KJH)
) (d:/texlive/2023/texmf-dist/tex/latex/glossaries/base/glossaries.sty
Package: glossaries 2023/09/29 v4.53 (NLCT)
 (d:/texlive/2023/texmf-dist/tex/latex/base/ifthen.sty
Package: ifthen 2022/04/13 v1.1d Standard LaTeX ifthen package (DPC)
) (d:/texlive/2023/texmf-dist/tex/latex/mfirstuc/mfirstuc.sty
Package: mfirstuc 2022/10/14 v2.08 (NLCT)
\@glsmfirst=\toks36
\@glsmrest=\toks37
) (d:/texlive/2023/texmf-dist/tex/latex/xfor/xfor.sty
Package: xfor 2009/02/05 v1.05 (NLCT)
) (d:/texlive/2023/texmf-dist/tex/latex/datatool/datatool-base.sty
Package: datatool-base 2019/09/27 v2.32 (NLCT)
 (d:/texlive/2023/texmf-dist/tex/latex/substr/substr.sty
Package: substr 2009/10/20 v1.2 Handle substrings
\c@su@anzahl=\count307
) (d:/texlive/2023/texmf-dist/tex/latex/datatool/datatool-fp.sty
Package: datatool-fp 2019/09/27 v2.32 (NLCT)
 (d:/texlive/2023/texmf-dist/tex/latex/fp/fp.sty
Package: fp 1995/04/02
 `Fixed Point Package', Version 0.8, April 2, 1995 (C) Michael Mehlich (d:/texlive/2023/texmf-dist/tex/latex/fp/defpattern.sty
Package: defpattern 1994/10/12
\actioncount=\count308
) (d:/texlive/2023/texmf-dist/tex/latex/fp/fp-basic.sty
Package: fp-basic 1996/05/13
\FP@xs=\count309
\FP@xia=\count310
\FP@xib=\count311
\FP@xfa=\count312
\FP@xfb=\count313
\FP@rega=\count314
\FP@regb=\count315
\FP@regs=\count316
\FP@times=\count317
) (d:/texlive/2023/texmf-dist/tex/latex/fp/fp-addons.sty
Package: fp-addons 1995/03/15
) (d:/texlive/2023/texmf-dist/tex/latex/fp/fp-snap.sty
Package: fp-snap 1995/04/05
) (d:/texlive/2023/texmf-dist/tex/latex/fp/fp-exp.sty
Package: fp-exp 1995/04/03
) (d:/texlive/2023/texmf-dist/tex/latex/fp/fp-trigo.sty
Package: fp-trigo 1995/04/14
) (d:/texlive/2023/texmf-dist/tex/latex/fp/fp-pas.sty
Package: fp-pas 1994/08/29
) (d:/texlive/2023/texmf-dist/tex/latex/fp/fp-random.sty
Package: fp-random 1995/02/23
\FPseed=\count318
) (d:/texlive/2023/texmf-dist/tex/latex/fp/fp-eqn.sty
Package: fp-eqn 1995/04/03
) (d:/texlive/2023/texmf-dist/tex/latex/fp/fp-upn.sty
Package: fp-upn 1996/10/21
) (d:/texlive/2023/texmf-dist/tex/latex/fp/fp-eval.sty
Package: fp-eval 1995/04/03
)))
\@dtl@toks=\toks38
\@dtl@tmpcount=\count319
\dtl@tmplength=\skip109
\dtl@sortresult=\count320
\@dtl@numgrpsepcount=\count321
\@dtl@datatype=\count322
\dtl@codeA=\count323
\dtl@codeB=\count324
\@dtl@foreach@level=\count325
)
\gls@level=\count326
\@gls@tmpb=\toks39
\gls@tmplen=\skip110
\glskeylisttok=\toks40
\glslabeltok=\toks41
\glsshorttok=\toks42
\glslongtok=\toks43
 (d:/texlive/2023/texmf-dist/tex/latex/glossaries/styles/glossary-hypernav.sty
Package: glossary-hypernav 2023/09/29 v4.53 (NLCT)
) (d:/texlive/2023/texmf-dist/tex/latex/glossaries/styles/glossary-list.sty
Package: glossary-list 2023/09/29 v4.53 (NLCT)
\glslistdottedwidth=\skip111
) (d:/texlive/2023/texmf-dist/tex/latex/glossaries/styles/glossary-long.sty
Package: glossary-long 2023/09/29 v4.53 (NLCT)
\glsdescwidth=\skip112
\glspagelistwidth=\skip113
) (d:/texlive/2023/texmf-dist/tex/latex/glossaries/styles/glossary-super.sty
Package: glossary-super 2023/09/29 v4.53 (NLCT)
 (d:/texlive/2023/texmf-dist/tex/latex/supertabular/supertabular.sty
Package: supertabular 2020/02/02 v4.1g the supertabular environment
\c@tracingst=\count327
\ST@wd=\dimen182
\ST@rightskip=\skip114
\ST@leftskip=\skip115
\ST@parfillskip=\skip116
\ST@pageleft=\dimen183
\ST@headht=\dimen184
\ST@tailht=\dimen185
\ST@pagesofar=\dimen186
\ST@pboxht=\dimen187
\ST@lineht=\dimen188
\ST@prevht=\dimen189
\ST@toadd=\dimen190
\ST@dimen=\dimen191
\ST@pbox=\box64
)) (d:/texlive/2023/texmf-dist/tex/latex/glossaries/styles/glossary-tree.sty
Package: glossary-tree 2023/09/29 v4.53 (NLCT)
\glstreeindent=\skip117
)) (d:/texlive/2023/texmf-dist/tex/latex/matlab-prettifier/matlab-prettifier.sty
Package: matlab-prettifier 2014/06/19 v0.3 A package for prettyprinting Matlab source code
 (d:/texlive/2023/texmf-dist/tex/latex/listings/listings.sty
\lst@mode=\count328
\lst@gtempboxa=\box65
\lst@token=\toks44
\lst@length=\count329
\lst@currlwidth=\dimen192
\lst@column=\count330
\lst@pos=\count331
\lst@lostspace=\dimen193
\lst@width=\dimen194
\lst@newlines=\count332
\lst@lineno=\count333
\lst@maxwidth=\dimen195
 (d:/texlive/2023/texmf-dist/tex/latex/listings/lstmisc.sty
File: lstmisc.sty 2023/02/27 1.9 (Carsten Heinz)
\c@lstnumber=\count334
\lst@skipnumbers=\count335
\lst@framebox=\box66
) (d:/texlive/2023/texmf-dist/tex/latex/listings/listings.cfg
File: listings.cfg 2023/02/27 1.9 listings configuration
))
Package: listings 2023/02/27 1.9 (Carsten Heinz)
\netBracketCount@mlpr=\count336
\blkLvl@mlpr=\count337
\blkLvlAtClassdef@mlpr=\count338
\emHeight@mlpr=\skip118
\jayDepth@mlpr=\skip119
\sectionRuleOffset@mlpr=\skip120
\toks@mlpr=\toks45
) (d:/texlive/2023/texmf-dist/tex/latex/tools/indentfirst.sty
Package: indentfirst 2023/07/02 v1.03 Indent first paragraph (DPC)
) (d:/texlive/2023/texmf-dist/tex/latex/relsize/relsize.sty
Package: relsize 2013/03/29 ver 4.1
) (d:/texlive/2023/texmf-dist/tex/latex/blindtext/blindtext.sty
Package: blindtext 2012/01/06 V2.0 blindtext-Package
 (d:/texlive/2023/texmf-dist/tex/latex/tools/xspace.sty
Package: xspace 2014/10/28 v1.13 Space after command names (DPC,MH)
)
\c@blindtext=\count339
\c@Blindtext=\count340
\c@blind@countparstart=\count341
\blind@countxx=\count342
\blindtext@numBlindtext=\count343
\blind@countyy=\count344
\c@blindlist=\count345
\c@blindlistlevel=\count346
\c@blindlist@level=\count347
\blind@listitem=\count348
\c@blind@listcount=\count349
\c@blind@levelcount=\count350
\blind@mathformula=\count351
\blind@Mathformula=\count352
\c@blind@randomcount=\count353
\c@blind@randommax=\count354
\c@blind@pangramcount=\count355
\c@blind@pangrammax=\count356
))
\namebox=\box67
\signboxdim=\dimen196
\glswrite=\write3
\glo@main@file=\write4
\openout4 = `Main.glo'.

Package glossaries Info: Writing glossary file Main.glo on input line 88.
\glo@acronym@file=\write5
\openout5 = `Main.acn'.

Package glossaries Info: Writing glossary file Main.acn on input line 88.
 (d:/texlive/2023/texmf-dist/tex/latex/l3backend/l3backend-pdftex.def
File: l3backend-pdftex.def 2024-01-04 L3 backend support: PDF output (pdfTeX)
\l__color_backend_stack_int=\count357
\l__pdf_internal_box=\box68
) (./Main.aux)
\openout1 = `Main.aux'.

LaTeX Font Info:    Checking defaults for OML/cmm/m/it on input line 109.
LaTeX Font Info:    ... okay on input line 109.
LaTeX Font Info:    Checking defaults for OMS/cmsy/m/n on input line 109.
LaTeX Font Info:    ... okay on input line 109.
LaTeX Font Info:    Checking defaults for OT1/cmr/m/n on input line 109.
LaTeX Font Info:    ... okay on input line 109.
LaTeX Font Info:    Checking defaults for T1/cmr/m/n on input line 109.
LaTeX Font Info:    ... okay on input line 109.
LaTeX Font Info:    Checking defaults for TS1/cmr/m/n on input line 109.
LaTeX Font Info:    ... okay on input line 109.
LaTeX Font Info:    Checking defaults for OMX/cmex/m/n on input line 109.
LaTeX Font Info:    ... okay on input line 109.
LaTeX Font Info:    Checking defaults for U/cmr/m/n on input line 109.
LaTeX Font Info:    ... okay on input line 109.
LaTeX Font Info:    Checking defaults for PD1/pdf/m/n on input line 109.
LaTeX Font Info:    ... okay on input line 109.
LaTeX Font Info:    Checking defaults for PU/pdf/m/n on input line 109.
LaTeX Font Info:    ... okay on input line 109.
 (d:/texlive/2023/texmf-dist/tex/context/base/mkii/supp-pdf.mkii
[Loading MPS to PDF converter (version 2006.09.02).]
\scratchcounter=\count358
\scratchdimen=\dimen197
\scratchbox=\box69
\nofMPsegments=\count359
\nofMParguments=\count360
\everyMPshowfont=\toks46
\MPscratchCnt=\count361
\MPscratchDim=\dimen198
\MPnumerator=\count362
\makeMPintoPDFobject=\count363
\everyMPtoPDFconversion=\toks47
) (d:/texlive/2023/texmf-dist/tex/latex/epstopdf-pkg/epstopdf-base.sty
Package: epstopdf-base 2020-01-24 v2.11 Base part for package epstopdf
Package epstopdf-base Info: Redefining graphics rule for `.eps' on input line 485.
 (d:/texlive/2023/texmf-dist/tex/latex/latexconfig/epstopdf-sys.cfg
File: epstopdf-sys.cfg 2010/07/13 v1.3 Configuration of (r)epstopdf for TeX Live
))
Package caption Info: Begin \AtBeginDocument code.
Package caption Info: hyperref package is loaded.
Package caption Info: listings package is loaded.
Package caption Info: longtable package is loaded.
 (d:/texlive/2023/texmf-dist/tex/latex/caption/ltcaption.sty
Package: ltcaption 2021/01/08 v1.4c longtable captions (AR)
)
Package caption Info: supertabular package is loaded.
Package caption Info: End \AtBeginDocument code.

*geometry* driver: auto-detecting
*geometry* detected driver: pdftex
*geometry* verbose mode - [ preamble ] result:
* driver: pdftex
* paper: a4paper
* layout: <same size as paper>
* layoutoffset:(h,v)=(0.0pt,0.0pt)
* modes: 
* h-part:(L,W,R)=(71.13188pt, 455.24411pt, 71.13188pt)
* v-part:(T,H,B)=(71.13188pt, 702.78308pt, 71.13188pt)
* \paperwidth=597.50787pt
* \paperheight=845.04684pt
* \textwidth=455.24411pt
* \textheight=702.78308pt
* \oddsidemargin=-1.1381pt
* \evensidemargin=-1.1381pt
* \topmargin=-38.1381pt
* \headheight=12.0pt
* \headsep=25.0pt
* \topskip=12.0pt
* \footskip=30.0pt
* \marginparwidth=44.0pt
* \marginparsep=10.0pt
* \columnsep=10.0pt
* \skip\footins=10.8pt plus 4.0pt minus 2.0pt
* \hoffset=0.0pt
* \voffset=0.0pt
* \mag=1000
* \@twocolumnfalse
* \@twosidefalse
* \@mparswitchfalse
* \@reversemarginfalse
* (1in=72.27pt=25.4mm, 1cm=28.453pt)

\c@mv@tabular=\count364
\c@mv@boldtabular=\count365
LaTeX Info: Redefining \microtypecontext on input line 109.
Package microtype Info: Applying patch `item' on input line 109.
Package microtype Info: Applying patch `toc' on input line 109.
Package microtype Info: Applying patch `eqnum' on input line 109.
Package microtype Info: Applying patch `footnote' on input line 109.
Package microtype Info: Applying patch `verbatim' on input line 109.
Package microtype Info: Generating PDF output.
Package microtype Info: Character protrusion enabled (level 2).
Package microtype Info: Using default protrusion set `alltext'.
Package microtype Info: Automatic font expansion enabled (level 2),
(microtype)             stretch: 20, shrink: 20, step: 1, non-selected.
Package microtype Info: Using default expansion set `alltext-nott'.
LaTeX Info: Redefining \showhyphens on input line 109.
Package microtype Info: No adjustment of tracking.
Package microtype Info: No adjustment of interword spacing.
Package microtype Info: No adjustment of character kerning.
Package microtype Info: Loading generic protrusion settings for font family
(microtype)             `Arimo-TLF' (encoding: T1).
(microtype)             For optimal results, create family-specific settings.
(microtype)             See the microtype manual for details.
Package hyperref Info: Link coloring ON on input line 109.
\symgns@font=\mathgroup4
LaTeX Font Info:    Overwriting symbol font `gns@font' in version `bold'
(Font)                  TS1/Arimo-TLF/m/n --> TS1/Arimo-TLF/b/n on input line 109.
Package gensymb Info: Math companion symbols declared on input line 109.
LaTeX Info: Redefining \degree on input line 109.
LaTeX Info: Redefining \celsius on input line 109.
Package gensymb Info: Using text companion symbols for \degree, \celsius and \perthousand on input line 109.
LaTeX Info: Redefining \ohm on input line 109.
Package gensymb Info: Using \textohm for \ohm on input line 109.
Package gensymb Info: Using \textmu for \micro on input line 109.
\c@lstlisting=\count366
<Images/uwe-logo.jpg, id=4, 569.12625pt x 284.06125pt>
File: Images/uwe-logo.jpg Graphic file (type jpg)
<use Images/uwe-logo.jpg>
Package pdftex.def Info: Images/uwe-logo.jpg  used on input line 116.
(pdftex.def)             Requested size: 142.26378pt x 71.00645pt.
LaTeX Font Info:    Font shape `T1/Arimo-TLF/m/n' will be
(Font)              scaled to size 14.4pt on input line 121.
LaTeX Font Info:    Font shape `T1/Arimo-TLF/b/n' will be
(Font)              scaled to size 14.4pt on input line 124.
[1

\openout3 = `Main.ist'.

{d:/texlive/2023/texmf-var/fonts/map/pdftex/updmap/pdftex.map}{d:/texlive/2023/texmf-dist/fonts/enc/dvips/arimo/arm_l3opzb.enc} <./Images/uwe-logo.jpg>]
LaTeX Font Info:    Font shape `T1/Arimo-TLF/b/n' will be
(Font)              scaled to size 12.0pt on input line 151.
LaTeX Font Info:    Font shape `T1/Arimo-TLF/b/n' will be
(Font)              scaled to size 20.74pt on input line 151.

pdfTeX warning (ext4): destination with the same identifier (name{page.1}) has been already used, duplicate ignored
<to be read again> 
                   \relax 
l.157 \newpage
               [1

] (./Abstract.tex) [2

] (./Acknowledgements.tex) [3

] (./main.acr) [4


]
LaTeX Font Info:    Font shape `T1/Arimo-TLF/m/n' will be
(Font)              scaled to size 24.88pt on input line 177.
LaTeX Font Info:    Font shape `T1/Arimo-TLF/b/n' will be
(Font)              scaled to size 24.88pt on input line 177.
 (./Main.toc (d:/texlive/2023/texmf-dist/tex/latex/microtype/mt-cmr.cfg
File: mt-cmr.cfg 2013/05/19 v2.2 microtype config. file: Computer Modern Roman (RS)
)
LaTeX Font Info:    Trying to load font information for TS1+Arimo-TLF on input line 1.
 (d:/texlive/2023/texmf-dist/tex/latex/arimo/TS1Arimo-TLF.fd
File: TS1Arimo-TLF.fd 2017/01/04 (autoinst) Font definitions for TS1/Arimo-TLF.
)
LaTeX Font Info:    Font shape `TS1/Arimo-TLF/m/n' will be
(Font)              scaled to size 12.0pt on input line 1.
Package microtype Info: Loading generic protrusion settings for font family
(microtype)             `Arimo-TLF' (encoding: TS1).
(microtype)             For optimal results, create family-specific settings.
(microtype)             See the microtype manual for details.
LaTeX Font Info:    Font shape `TS1/Arimo-TLF/m/n' will be
(Font)              scaled to size 8.0pt on input line 1.
LaTeX Font Info:    Font shape `TS1/Arimo-TLF/m/n' will be
(Font)              scaled to size 6.0pt on input line 1.
 [5])
\tf@toc=\write6
\openout6 = `Main.toc'.

 [6] (./Main.lof)
\tf@lof=\write7
\openout7 = `Main.lof'.

 [7]
Chapter 1.
(./Introduction.tex) [8

]
Chapter 2.
(./Literature Review.tex
<Images/cuneiform.jpg, id=147, 931.48pt x 842.14626pt>
File: Images/cuneiform.jpg Graphic file (type jpg)
<use Images/cuneiform.jpg>
Package pdftex.def Info: Images/cuneiform.jpg  used on input line 62.
(pdftex.def)             Requested size: 142.26378pt x 128.61665pt.
LaTeX Font Info:    Font shape `T1/Arimo-TLF/m/n' will be
(Font)              scaled to size 10.0pt on input line 62.
LaTeX Font Info:    Font shape `T1/Arimo-TLF/m/n' will be
(Font)              scaled to size 8.0pt on input line 62.
LaTeX Font Info:    Font shape `T1/Arimo-TLF/b/n' will be
(Font)              scaled to size 8.0pt on input line 62.


Package natbib Warning: Citation `a2021_how' on page 9 undefined on input line 62.


Package natbib Warning: Citation `a2021_how' on page 9 undefined on input line 62.

<Images/first_song.jpg, id=148, 634.37pt x 440.64626pt>
File: Images/first_song.jpg Graphic file (type jpg)
<use Images/first_song.jpg>
Package pdftex.def Info: Images/first_song.jpg  used on input line 64.
(pdftex.def)             Requested size: 142.26378pt x 98.81839pt.

Package natbib Warning: Citation `porter_2018_did' on page 9 undefined on input line 64.


Package natbib Warning: Citation `porter_2018_did' on page 9 undefined on input line 64.


Package natbib Warning: Citation `porter_2018_did' on page 9 undefined on input line 67.


Package natbib Warning: Citation `killin_2018_the' on page 9 undefined on input line 69.


Package natbib Warning: Citation `dunbar_social_brain' on page 9 undefined on input line 71.

[9

]

Package natbib Warning: Citation `gabler_2013_what' on page 10 undefined on input line 77.


Package natbib Warning: Citation `pentreath_2022_why' undefined on input line 77.


Package natbib Warning: Citation `beek_2021_what' on page 10 undefined on input line 79.

[10{d:/texlive/2023/texmf-dist/fonts/enc/dvips/arimo/arm_c3z4r2.enc} <./Images/cuneiform.jpg> <./Images/first_song.jpg>]

Package natbib Warning: Citation `chaudhuri_2022_what' on page 11 undefined on input line 80.


Package natbib Warning: Citation `bbc_2023_history' on page 11 undefined on input line 81.


Package natbib Warning: Citation `hiller_2019_electronic' on page 11 undefined on input line 83.


Package natbib Warning: Citation `_2019_country' on page 11 undefined on input line 85.


Package natbib Warning: Citation `tate_2019_hiphop' on page 11 undefined on input line 87.


Package natbib Warning: Citation `seanmccollum_2019_hiphop' undefined on input line 87.


Package natbib Warning: Citation `frith_2018_rock' on page 11 undefined on input line 89.


Package natbib Warning: Citation `juslin_2013_music' on page 11 undefined on input line 98.


Package natbib Warning: Citation `juslin_2013_music' on page 11 undefined on input line 105.


Package natbib Warning: Citation `pereira_2011_music' on page 11 undefined on input line 106.

[11] [12]

Package natbib Warning: Citation `mali_2021_linear' undefined on input line 120.


Package natbib Warning: Citation `rohithgandhi_2018_introduction' undefined on input line 121.


Package natbib Warning: Citation `kwiatkowski_2021_gradient' undefined on input line 122.


Package natbib Warning: Citation `ibm_what' undefined on input line 122.


Package natbib Warning: Citation `ibm_2022_about' on page 13 undefined on input line 125.

<Images/lr.png, id=180, 1541.76pt x 965.85844pt>
File: Images/lr.png Graphic file (type png)
<use Images/lr.png>
Package pdftex.def Info: Images/lr.png  used on input line 138.
(pdftex.def)             Requested size: 284.52756pt x 178.23888pt.
LaTeX Font Info:    Font shape `T1/Arimo-TLF/b/n' will be
(Font)              scaled to size 10.0pt on input line 139.
LaTeX Font Info:    Font shape `T1/Arimo-TLF/m/n' will be
(Font)              scaled to size 6.0pt on input line 146.
[13]
<Images/gd.png, id=197, 1541.76pt x 895.84688pt>
File: Images/gd.png Graphic file (type png)
<use Images/gd.png>
Package pdftex.def Info: Images/gd.png  used on input line 154.
(pdftex.def)             Requested size: 284.52756pt x 165.31898pt.


Package natbib Warning: Citation `berwick_an' undefined on input line 160.


Package natbib Warning: Citation `saini_2021_support' undefined on input line 162.


Package natbib Warning: Citation `gron_2019_handson' on page 14 undefined on input line 164.

<Images/svm.png, id=200, 1541.76pt x 902.6222pt>
File: Images/svm.png Graphic file (type png)
<use Images/svm.png>
Package pdftex.def Info: Images/svm.png  used on input line 168.
(pdftex.def)             Requested size: 284.52756pt x 166.5693pt.
[14 <./Images/lr.png> <./Images/gd.png>] [15 <./Images/svm.png>]

Package natbib Warning: Citation `er_2021_random' undefined on input line 215.


Package natbib Warning: Citation `scikitlearn_2018_sklearnensemblerandomforestclassifier' undefined on input line 216.


Package natbib Warning: Citation `yiu_2019_understanding' undefined on input line 217.


Package natbib Warning: Citation `ibm_2023_what' on page 16 undefined on input line 219.

<Images/rf.png, id=230, 1121.28pt x 1121.28pt>
File: Images/rf.png Graphic file (type png)
<use Images/rf.png>
Package pdftex.def Info: Images/rf.png  used on input line 223.
(pdftex.def)             Requested size: 284.52756pt x 284.5282pt.
[16 <./Images/rf.png>]

Package natbib Warning: Citation `srivastava_2019_introduction' undefined on input line 235.


Package natbib Warning: Citation `geeksforgeeks_2018_knearest' undefined on input line 236.


Package natbib Warning: Citation `harrison_2018_machine' undefined on input line 237.


Package natbib Warning: Citation `ibm_what_knn' on page 17 undefined on input line 239.

<Images/knn.png, id=245, 1215.03937pt x 848.4197pt>
File: Images/knn.png Graphic file (type png)
<use Images/knn.png>
Package pdftex.def Info: Images/knn.png  used on input line 243.
(pdftex.def)             Requested size: 284.52756pt x 198.66663pt.
[17 <./Images/knn.png>]
<Images/mlp.png, id=256, 1297.84875pt x 649.67719pt>
File: Images/mlp.png Graphic file (type png)
<use Images/mlp.png>
Package pdftex.def Info: Images/mlp.png  used on input line 266.
(pdftex.def)             Requested size: 284.52756pt x 142.42384pt.


Package natbib Warning: Citation `haykin_2014_neural' on page 18 undefined on input line 274.


Package natbib Warning: Citation `ibm_2023_what_cnn' undefined on input line 277.


Package natbib Warning: Citation `mishra_2020_convolutional' undefined on input line 278.


Package natbib Warning: Citation `mandal_2021_cnn' undefined on input line 279.


Package natbib Warning: Citation `saha_2018_a' undefined on input line 280.


Package natbib Warning: Citation `yamashita_2018_convolutional' on page 18 undefined on input line 281.

<Images/cnns.png, id=261, 1643.3897pt x 691.08188pt>
File: Images/cnns.png Graphic file (type png)
<use Images/cnns.png>
Package pdftex.def Info: Images/cnns.png  used on input line 285.
(pdftex.def)             Requested size: 455.24408pt x 191.43477pt.
[18 <./Images/mlp.png>]

Package natbib Warning: Citation `vemou_2021_facial' on page 19 undefined on input line 307.

<Images/landmarks.jpg, id=272, 373.395pt x 247.67531pt>
File: Images/landmarks.jpg Graphic file (type jpg)
<use Images/landmarks.jpg>
Package pdftex.def Info: Images/landmarks.jpg  used on input line 312.
(pdftex.def)             Requested size: 284.52756pt x 188.73782pt.

Package natbib Warning: Citation `patrickfarley_2023_face' on page 19 undefined on input line 313.

<Images/fer1stknn.png, id=277, 611.28375pt x 276.28218pt>
File: Images/fer1stknn.png Graphic file (type png)
<use Images/fer1stknn.png>
Package pdftex.def Info: Images/fer1stknn.png  used on input line 325.
(pdftex.def)             Requested size: 199.16928pt x 90.01828pt.
<Images/fer1stmlp.png, id=278, 586.44093pt x 271.0125pt>
File: Images/fer1stmlp.png Graphic file (type png)
<use Images/fer1stmlp.png>
Package pdftex.def Info: Images/fer1stmlp.png  used on input line 327.
(pdftex.def)             Requested size: 190.63338pt x 88.09454pt.

Package natbib Warning: Citation `tarnowski_2017_emotion' on page 19 undefined on input line 330.


Package natbib Warning: Citation `tarnowski_2017_emotion' on page 19 undefined on input line 338.


Package natbib Warning: Citation `mellouk_2020_facial' on page 19 undefined on input line 349.

<Images/new_cnn_model1.png, id=286, 459.21562pt x 398.99063pt>
File: Images/new_cnn_model1.png Graphic file (type png)
<use Images/new_cnn_model1.png>
Package pdftex.def Info: Images/new_cnn_model1.png  used on input line 354.
(pdftex.def)             Requested size: 193.47882pt x 168.10458pt.
<Images/new_cnn_model2.png, id=287, 467.49657pt x 386.94562pt>
File: Images/new_cnn_model2.png Graphic file (type png)
<use Images/new_cnn_model2.png>
Package pdftex.def Info: Images/new_cnn_model2.png  used on input line 356.
(pdftex.def)             Requested size: 199.16928pt x 164.85416pt.

Package natbib Warning: Citation `agrawal_2019_using' on page 19 undefined on input line 359.

<Images/new_cnn_cm_1.png, id=291, 461.47406pt x 420.82219pt>
File: Images/new_cnn_cm_1.png Graphic file (type png)
<use Images/new_cnn_cm_1.png>
Package pdftex.def Info: Images/new_cnn_cm_1.png  used on input line 369.
(pdftex.def)             Requested size: 199.16928pt x 181.62424pt.
<Images/new_cnn_cm_2.png, id=292, 461.47406pt x 410.2828pt>
File: Images/new_cnn_cm_2.png Graphic file (type png)
<use Images/new_cnn_cm_2.png>
Package pdftex.def Info: Images/new_cnn_cm_2.png  used on input line 371.
(pdftex.def)             Requested size: 199.16928pt x 177.0755pt.

Package natbib Warning: Citation `agrawal_2019_using' on page 19 undefined on input line 374.


Package natbib Warning: Citation `agrawal_2019_using' on page 19 undefined on input line 377.

<Images/lr_result.png, id=295, 206.27063pt x 99.37125pt>
File: Images/lr_result.png Graphic file (type png)
<use Images/lr_result.png>
Package pdftex.def Info: Images/lr_result.png  used on input line 382.
(pdftex.def)             Requested size: 170.71652pt x 82.2446pt.

Package natbib Warning: Citation `naseem_2010_linear' on page 19 undefined on input line 383.

<Images/rf_result.png, id=300, 461.47406pt x 175.40532pt>
File: Images/rf_result.png Graphic file (type png)
<use Images/rf_result.png>
Package pdftex.def Info: Images/rf_result.png  used on input line 395.
(pdftex.def)             Requested size: 284.52756pt x 108.14795pt.

Package natbib Warning: Citation `munasinghe_2018_facial' on page 19 undefined on input line 396.

<Images/svm_result.png, id=306, 432.86719pt x 156.585pt>
File: Images/svm_result.png Graphic file (type png)
<use Images/svm_result.png>
Package pdftex.def Info: Images/svm_result.png  used on input line 407.
(pdftex.def)             Requested size: 284.52756pt x 102.92828pt.

Package natbib Warning: Citation `xia_2014_facial' on page 19 undefined on input line 408.

[19 <./Images/cnns.png>] [20 <./Images/landmarks.jpg>] [21 <./Images/fer1stknn.png> <./Images/fer1stmlp.png>] [22 <./Images/new_cnn_model1.png> <./Images/new_cnn_model2.png>] [23 <./Images/new_cnn_cm_1.png> <./Images/new_cnn_cm_2.png> <./Images/lr_result.png>]

Package natbib Warning: Citation `mrchakrapanids_2023_music' on page 24 undefined on input line 422.


Package natbib Warning: Citation `athavle_2021_music' on page 24 undefined on input line 430.

) [24 <./Images/rf_result.png> <./Images/svm_result.png>] [25]
Chapter 3.
(./Requirements.tex) [26

]
Chapter 4.
(./Methodology.tex) [27

]
Chapter 5.
(./Design.tex) [28

]
Chapter 6.
(./Implementation.tex) [29

]
Chapter 7.
(./Project Evaluation.tex) [30

]
Chapter 8.
(./Conclusion and Future Outlook.tex) [31

] (./main.bbl
LaTeX Font Info:    Font shape `T1/Arimo-TLF/m/it' will be
(Font)              scaled to size 12.0pt on input line 5.
)
Runaway argument?
{https://scikit-learn.org/stable/modules/svm.html##:~:text=Support\par \ETC.
c:/Users/User/Desktop/Document/UWE/FYP/sentirhy/sentirhy/rep/Main.tex:235: File ended while scanning use of \harvardurl.
<inserted text> 
                \par 
l.235 \bibliography{References}
                               
I suspect you have forgotten a `}', causing me
to read past where you wanted me to stop.
I'll try to recover; but if the error is serious,
you'd better type `E' or `X' now and fix your file.

[32

] (./Appendix.tex [33

])

Package natbib Warning: There were undefined citations.


c:/Users/User/Desktop/Document/UWE/FYP/sentirhy/sentirhy/rep/Main.tex:243: LaTeX Error: \begin{thebibliography} on input line 1 ended by \end{document}.

See the LaTeX manual or LaTeX Companion for explanation.
Type  H <return>  for immediate help.
 ...                                              
                                                  
l.243 \end{document}
                    
Your command was ignored.
Type  I <command> <return>  to replace it with another command,
or  <return>  to continue without it.

[34] (./Main.aux)
 ***********
LaTeX2e <2023-11-01>
L3 programming layer <2024-01-04>
 ***********
 )
(\end occurred inside a group at level 1)

### semi simple group (level 1) entered at line 1 (\begingroup)
### bottom level 
Here is how much of TeX's memory you used:
 22660 strings out of 474166
 365481 string characters out of 5749519
 1947528 words of memory out of 5000000
 44188 multiletter control sequences out of 15000+600000
 581249 words of font info for 237 fonts, out of 8000000 for 9000
 1141 hyphenation exceptions out of 8191
 99i,12n,108p,2398b,709s stack positions out of 10000i,1000n,20000p,200000b,200000s
<d:/texlive/2023/texmf-dist/fonts/type1/google/arimo/Arimo-Bold.pfb><d:/texlive/2023/texmf-dist/fonts/type1/google/arimo/Arimo-Italic.pfb><d:/texlive/2023/texmf-dist/fonts/type1/google/arimo/Arimo.pfb><d:/texlive/2023/texmf-dist/fonts/type1/public/amsfonts/cm/cmbx12.pfb><d:/texlive/2023/texmf-dist/fonts/type1/public/amsfonts/cm/cmex10.pfb><d:/texlive/2023/texmf-dist/fonts/type1/public/amsfonts/cm/cmmi12.pfb><d:/texlive/2023/texmf-dist/fonts/type1/public/amsfonts/cm/cmmi8.pfb><d:/texlive/2023/texmf-dist/fonts/type1/public/amsfonts/cm/cmr12.pfb><d:/texlive/2023/texmf-dist/fonts/type1/public/amsfonts/cm/cmr8.pfb><d:/texlive/2023/texmf-dist/fonts/type1/public/amsfonts/cm/cmsy10.pfb>
Output written on Main.pdf (35 pages, 2080203 bytes).
PDF statistics:
 578 PDF objects out of 1000 (max. 8388607)
 486 compressed objects within 5 object streams
 109 named destinations out of 1000 (max. 500000)
 67973 words of extra memory for PDF output out of 74296 (max. 10000000)

